2025-04-28 17:21:31,801 - INFO: Splitting raw dataset
2025-04-28 17:21:31,809 - INFO: Excluding groups that are too large or too small
2025-04-28 17:21:33,621 - INFO: Creating split datasets
2025-04-28 17:21:33,621 - INFO: # groups: 23
2025-04-28 17:21:33,621 - INFO: Group 0
2025-04-28 17:21:33,639 - INFO: Group 1
2025-04-28 17:21:33,640 - INFO: Group 2
2025-04-28 17:21:33,650 - INFO: Group 3
2025-04-28 17:21:33,654 - INFO: Group 4
2025-04-28 17:21:33,657 - INFO: Group 5
2025-04-28 17:21:33,658 - INFO: Group 6
2025-04-28 17:21:33,662 - INFO: Group 7
2025-04-28 17:21:33,662 - INFO: Group 8
2025-04-28 17:21:33,662 - INFO: Group 9
2025-04-28 17:21:33,663 - INFO: Group 10
2025-04-28 17:21:33,665 - INFO: Group 11
2025-04-28 17:21:33,667 - INFO: Group 12
2025-04-28 17:21:33,667 - INFO: Group 13
2025-04-28 17:21:33,670 - INFO: Group 14
2025-04-28 17:21:33,674 - INFO: Group 15
2025-04-28 17:21:33,675 - INFO: Group 16
2025-04-28 17:21:33,676 - INFO: Group 17
2025-04-28 17:21:33,679 - INFO: Group 18
2025-04-28 17:21:33,680 - INFO: Group 19
2025-04-28 17:21:33,682 - INFO: Group 20
2025-04-28 17:21:33,683 - INFO: Group 21
2025-04-28 17:21:33,684 - INFO: Group 22
2025-04-28 17:21:33,686 - INFO: # groups: 7
2025-04-28 17:21:33,686 - INFO: Group 0
2025-04-28 17:21:33,686 - INFO: Group 1
2025-04-28 17:21:33,700 - INFO: Group 2
2025-04-28 17:21:33,702 - INFO: Group 3
2025-04-28 17:21:33,710 - INFO: Group 4
2025-04-28 17:21:33,710 - INFO: Group 5
2025-04-28 17:21:33,711 - INFO: Group 6
2025-04-28 17:21:33,714 - INFO: # groups: 7
2025-04-28 17:21:33,714 - INFO: Group 0
2025-04-28 17:21:33,719 - INFO: Group 1
2025-04-28 17:21:33,719 - INFO: Group 2
2025-04-28 17:21:33,720 - INFO: Group 3
2025-04-28 17:21:33,724 - INFO: Group 4
2025-04-28 17:21:33,737 - INFO: Group 5
2025-04-28 17:21:33,739 - INFO: Group 6
2025-04-28 17:21:33,744 - INFO: Removing existing samples
2025-04-28 17:21:33,967 - INFO: Creating/Validating samples
2025-04-28 17:21:33,967 - INFO: # groups: 23
2025-04-28 17:21:33,967 - INFO: Group 0
2025-04-28 17:21:33,967 - INFO: Loading group members
2025-04-28 17:21:36,965 - INFO: Group 1
2025-04-28 17:21:36,965 - INFO: Loading group members
2025-04-28 17:21:38,056 - INFO: Group 2
2025-04-28 17:21:38,056 - INFO: Loading group members
2025-04-28 17:21:41,098 - INFO: Group 3
2025-04-28 17:21:41,098 - INFO: Loading group members
2025-04-28 17:21:44,094 - INFO: Group 4
2025-04-28 17:21:44,094 - INFO: Loading group members
2025-04-28 17:21:47,223 - INFO: Group 5
2025-04-28 17:21:47,223 - INFO: Loading group members
2025-04-28 17:21:50,275 - INFO: Group 6
2025-04-28 17:21:50,275 - INFO: Loading group members
2025-04-28 17:21:53,367 - INFO: Group 7
2025-04-28 17:21:53,367 - INFO: Loading group members
2025-04-28 17:21:53,920 - INFO: Group 8
2025-04-28 17:21:53,920 - INFO: Loading group members
2025-04-28 17:21:54,195 - INFO: Group 9
2025-04-28 17:21:54,195 - INFO: Loading group members
2025-04-28 17:21:54,468 - INFO: Group 10
2025-04-28 17:21:54,469 - INFO: Loading group members
2025-04-28 17:21:57,426 - INFO: Group 11
2025-04-28 17:21:57,426 - INFO: Loading group members
2025-04-28 17:22:00,349 - INFO: Group 12
2025-04-28 17:22:00,349 - INFO: Loading group members
2025-04-28 17:22:00,359 - INFO: Group 13
2025-04-28 17:22:00,360 - INFO: Loading group members
2025-04-28 17:22:03,332 - INFO: Group 14
2025-04-28 17:22:03,332 - INFO: Loading group members
2025-04-28 17:22:06,391 - INFO: Group 15
2025-04-28 17:22:06,391 - INFO: Loading group members
2025-04-28 17:22:09,408 - INFO: Group 16
2025-04-28 17:22:09,408 - INFO: Loading group members
2025-04-28 17:22:11,668 - INFO: Group 17
2025-04-28 17:22:11,668 - INFO: Loading group members
2025-04-28 17:22:14,387 - INFO: Group 18
2025-04-28 17:22:14,387 - INFO: Loading group members
2025-04-28 17:22:16,164 - INFO: Group 19
2025-04-28 17:22:16,164 - INFO: Loading group members
2025-04-28 17:22:19,274 - INFO: Group 20
2025-04-28 17:22:19,274 - INFO: Loading group members
2025-04-28 17:22:21,004 - INFO: Group 21
2025-04-28 17:22:21,004 - INFO: Loading group members
2025-04-28 17:22:23,114 - INFO: Group 22
2025-04-28 17:22:23,114 - INFO: Loading group members
2025-04-28 17:22:26,118 - INFO: # groups: 7
2025-04-28 17:22:26,118 - INFO: Group 0
2025-04-28 17:22:26,118 - INFO: Loading group members
2025-04-28 17:22:27,928 - INFO: Group 1
2025-04-28 17:22:27,928 - INFO: Loading group members
2025-04-28 17:22:31,038 - INFO: Group 2
2025-04-28 17:22:31,038 - INFO: Loading group members
2025-04-28 17:22:33,966 - INFO: Group 3
2025-04-28 17:22:33,966 - INFO: Loading group members
2025-04-28 17:22:36,958 - INFO: Group 4
2025-04-28 17:22:36,958 - INFO: Loading group members
2025-04-28 17:22:37,559 - INFO: Group 5
2025-04-28 17:22:37,559 - INFO: Loading group members
2025-04-28 17:22:38,907 - INFO: Group 6
2025-04-28 17:22:38,908 - INFO: Loading group members
2025-04-28 17:22:41,933 - INFO: # groups: 7
2025-04-28 17:22:41,933 - INFO: Group 0
2025-04-28 17:22:41,933 - INFO: Loading group members
2025-04-28 17:22:44,969 - INFO: Group 1
2025-04-28 17:22:44,969 - INFO: Loading group members
2025-04-28 17:22:45,617 - INFO: Group 2
2025-04-28 17:22:45,617 - INFO: Loading group members
2025-04-28 17:22:45,999 - INFO: Group 3
2025-04-28 17:22:45,999 - INFO: Loading group members
2025-04-28 17:22:49,220 - INFO: Group 4
2025-04-28 17:22:49,220 - INFO: Loading group members
2025-04-28 17:22:52,248 - INFO: Group 5
2025-04-28 17:22:52,248 - INFO: Loading group members
2025-04-28 17:22:55,106 - INFO: Group 6
2025-04-28 17:22:55,106 - INFO: Loading group members
2025-04-28 17:22:55,815 - INFO: Epoch 1/256
2025-04-28 17:46:24,843 - INFO: Train Loss: 4.1077, Train Acc: 0.1396
2025-04-28 17:48:28,722 - INFO: Val Loss: 5.7034, Val Acc: 0.0092
2025-04-28 17:48:30,410 - INFO: Epoch 2/256
2025-04-28 18:11:57,104 - INFO: Train Loss: 3.8221, Train Acc: 0.1668
2025-04-28 18:13:56,555 - INFO: Val Loss: 5.5145, Val Acc: 0.0030
2025-04-28 18:13:58,201 - INFO: Epoch 3/256
2025-04-28 18:37:28,440 - INFO: Train Loss: 3.8147, Train Acc: 0.1756
2025-04-28 18:39:31,691 - INFO: Val Loss: 5.5394, Val Acc: 0.0030
2025-04-28 18:39:32,860 - INFO: Epoch 4/256
2025-04-28 19:03:01,996 - INFO: Train Loss: 3.8020, Train Acc: 0.1710
2025-04-28 19:05:05,263 - INFO: Val Loss: 5.3063, Val Acc: 0.0053
2025-04-28 19:05:06,870 - INFO: Epoch 5/256
2025-04-28 19:28:35,246 - INFO: Train Loss: 3.8343, Train Acc: 0.1622
2025-04-28 19:30:37,041 - INFO: Val Loss: 5.4398, Val Acc: 0.0053
2025-04-28 19:30:38,579 - INFO: Epoch 6/256
2025-04-28 19:54:18,447 - INFO: Train Loss: 3.9884, Train Acc: 0.1422
2025-04-28 19:56:18,820 - INFO: Val Loss: 5.3640, Val Acc: 0.0046
2025-04-28 19:56:20,293 - INFO: Epoch 7/256
2025-04-28 20:20:12,266 - INFO: Train Loss: 3.8287, Train Acc: 0.1683
2025-04-28 20:22:19,237 - INFO: Val Loss: 5.5333, Val Acc: 0.0053
2025-04-28 20:22:21,097 - INFO: Epoch 8/256
2025-04-28 20:47:17,731 - INFO: Train Loss: 3.8427, Train Acc: 0.1707
2025-04-28 20:49:26,553 - INFO: Val Loss: 5.4701, Val Acc: 0.0072
2025-04-28 20:49:28,170 - INFO: Epoch 9/256
2025-04-28 21:14:47,088 - INFO: Train Loss: 3.8893, Train Acc: 0.1558
2025-04-28 21:16:56,328 - INFO: Val Loss: 5.4650, Val Acc: 0.0072
2025-04-28 21:16:57,963 - INFO: Epoch 10/256
2025-04-28 21:42:08,547 - INFO: Train Loss: 3.8296, Train Acc: 0.1576
2025-04-28 21:44:10,975 - INFO: Val Loss: 5.5039, Val Acc: 0.0052
2025-04-28 21:44:12,534 - INFO: Epoch 11/256
2025-04-28 22:08:09,495 - INFO: Train Loss: 3.7794, Train Acc: 0.1615
2025-04-28 22:10:11,099 - INFO: Val Loss: 5.2230, Val Acc: 0.0052
2025-04-28 22:10:13,084 - INFO: Epoch 12/256
2025-04-28 22:34:44,722 - INFO: Train Loss: 3.8294, Train Acc: 0.1614
2025-04-28 22:36:53,474 - INFO: Val Loss: 5.1271, Val Acc: 0.0052
2025-04-28 22:36:56,230 - INFO: Epoch 13/256
2025-04-28 23:02:00,168 - INFO: Train Loss: 3.7955, Train Acc: 0.1709
2025-04-28 23:04:13,099 - INFO: Val Loss: 5.1263, Val Acc: 0.0053
2025-04-28 23:04:16,619 - INFO: Epoch 14/256
2025-04-28 23:28:53,251 - INFO: Train Loss: 3.8093, Train Acc: 0.1573
2025-04-28 23:30:58,115 - INFO: Val Loss: 5.1155, Val Acc: 0.0055
2025-04-28 23:31:00,118 - INFO: Epoch 15/256
2025-04-28 23:54:39,363 - INFO: Train Loss: 3.7239, Train Acc: 0.1721
2025-04-28 23:56:43,988 - INFO: Val Loss: 5.5130, Val Acc: 0.0074
2025-04-28 23:56:45,226 - INFO: Epoch 16/256
2025-04-29 00:20:56,833 - INFO: Train Loss: 3.8117, Train Acc: 0.1737
2025-04-29 00:23:07,405 - INFO: Val Loss: 5.1336, Val Acc: 0.0061
2025-04-29 00:23:08,802 - INFO: Epoch 17/256
2025-04-29 00:47:51,599 - INFO: Train Loss: 3.9573, Train Acc: 0.1453
2025-04-29 00:50:02,060 - INFO: Val Loss: 5.5360, Val Acc: 0.0063
2025-04-29 00:50:03,638 - INFO: Epoch 18/256
2025-04-29 01:14:16,761 - INFO: Train Loss: 4.0062, Train Acc: 0.1370
2025-04-29 01:16:21,583 - INFO: Val Loss: 5.0782, Val Acc: 0.0052
2025-04-29 01:16:23,125 - INFO: Epoch 19/256
2025-04-29 01:40:20,360 - INFO: Train Loss: 3.8811, Train Acc: 0.1546
2025-04-29 01:42:24,796 - INFO: Val Loss: 6.0416, Val Acc: 0.0052
2025-04-29 01:42:26,245 - INFO: Epoch 20/256
2025-04-29 02:06:12,982 - INFO: Train Loss: 3.9376, Train Acc: 0.1514
2025-04-29 02:08:14,165 - INFO: Val Loss: 5.9338, Val Acc: 0.0053
2025-04-29 02:08:15,371 - INFO: Epoch 21/256
2025-04-29 02:31:57,638 - INFO: Train Loss: 3.9598, Train Acc: 0.1462
2025-04-29 02:33:58,267 - INFO: Val Loss: 5.0895, Val Acc: 0.0052
2025-04-29 02:33:59,414 - INFO: Epoch 22/256
2025-04-29 02:57:39,389 - INFO: Train Loss: 4.0389, Train Acc: 0.1352
2025-04-29 02:59:40,172 - INFO: Val Loss: 5.2728, Val Acc: 0.0053
2025-04-29 02:59:41,304 - INFO: Epoch 23/256
2025-04-29 03:23:21,674 - INFO: Train Loss: 3.9003, Train Acc: 0.1522
2025-04-29 03:25:21,586 - INFO: Val Loss: 5.0502, Val Acc: 0.0053
2025-04-29 03:25:23,292 - INFO: Epoch 24/256
2025-04-29 03:49:03,312 - INFO: Train Loss: 4.0196, Train Acc: 0.1316
2025-04-29 03:51:02,963 - INFO: Val Loss: 5.0116, Val Acc: 0.0052
2025-04-29 03:51:04,510 - INFO: Epoch 25/256
2025-04-29 04:14:44,545 - INFO: Train Loss: 3.9884, Train Acc: 0.1407
2025-04-29 04:16:45,066 - INFO: Val Loss: 4.8962, Val Acc: 0.0105
2025-04-29 04:16:46,640 - INFO: Epoch 26/256
2025-04-29 04:40:26,826 - INFO: Train Loss: 3.9306, Train Acc: 0.1415
2025-04-29 04:42:27,121 - INFO: Val Loss: 5.1578, Val Acc: 0.0053
2025-04-29 04:42:28,310 - INFO: Epoch 27/256
2025-04-29 05:06:08,033 - INFO: Train Loss: 3.9083, Train Acc: 0.1485
2025-04-29 05:08:08,836 - INFO: Val Loss: 5.0851, Val Acc: 0.0053
2025-04-29 05:08:10,007 - INFO: Epoch 28/256
2025-04-29 05:31:50,042 - INFO: Train Loss: 3.8513, Train Acc: 0.1548
2025-04-29 05:33:49,983 - INFO: Val Loss: 5.2439, Val Acc: 0.0053
2025-04-29 05:33:51,238 - INFO: Epoch 29/256
2025-04-29 05:57:31,218 - INFO: Train Loss: 3.9614, Train Acc: 0.1419
2025-04-29 05:59:32,260 - INFO: Val Loss: 5.1472, Val Acc: 0.0053
2025-04-29 05:59:33,424 - INFO: Epoch 30/256
2025-04-29 06:23:14,084 - INFO: Train Loss: 3.9303, Train Acc: 0.1444
2025-04-29 06:25:14,357 - INFO: Val Loss: 5.1015, Val Acc: 0.0072
2025-04-29 06:25:15,481 - INFO: Epoch 31/256
2025-04-29 06:48:55,640 - INFO: Train Loss: 3.9978, Train Acc: 0.1310
2025-04-29 06:50:56,062 - INFO: Val Loss: 5.0202, Val Acc: 0.0053
2025-04-29 06:50:57,181 - INFO: Epoch 32/256
2025-04-29 07:14:37,726 - INFO: Train Loss: 3.8980, Train Acc: 0.1411
2025-04-29 07:16:37,372 - INFO: Val Loss: 5.1042, Val Acc: 0.0053
2025-04-29 07:16:38,482 - INFO: Epoch 33/256
2025-04-29 07:40:18,760 - INFO: Train Loss: 3.8640, Train Acc: 0.1539
2025-04-29 07:42:18,545 - INFO: Val Loss: 5.1983, Val Acc: 0.0053
2025-04-29 07:42:18,546 - INFO: Stopping early after 33 epochs (no improvement for 8 epochs).
2025-04-29 07:43:59,821 - INFO: Test Loss: 4.6341, Test Acc: 0.0507
